Added Component: Designator=SW?(CHRY-ML1A-11JW_V)
Add component (AddParameter): Name = "Actuator Color"; Value = "N/A"; VariantName = "[No Variations]"
Add component (AddParameter): Name = "Actuator Length"; Value = "3mm"; VariantName = "[No Variations]"
Add component (AddParameter): Name = "Actuator Material"; Value = "N/A"; VariantName = "[No Variations]"
Add component (AddParameter): Name = "Actuator Style"; Value = "Button"; VariantName = "[No Variations]"
Add component (AddParameter): Name = "Body Orientation"; Value = "Straight"; VariantName = "[No Variations]"
Add component (AddParameter): Name = "Bounce Time"; Value = ""; VariantName = "[No Variations]"
Add component (AddParameter): Name = "Contact Material"; Value = "Gold/Silver"; VariantName = "[No Variations]"
Add component (AddParameter): Name = "Contact Plating"; Value = "N/A"; VariantName = "[No Variations]"
Add component (AddParameter): Name = "COO"; Value = "UK"; VariantName = "[No Variations]"
Add component (AddParameter): Name = "Datasheet URL"; Value = "http://www.cherry.de/PDF/EN_CHERRY_ML1A-xxxx.pdf"; VariantName = "[No Variations]"
Add component (AddParameter): Name = "Datasheet Version"; Value = "12/2015"; VariantName = "[No Variations]"
Add component (AddParameter): Name = "Dielectric Strength"; Value = "500VAC"; VariantName = "[No Variations]"
Add component (AddParameter): Name = "Dimension"; Value = "12x11.4x6.9mm"; VariantName = "[No Variations]"
Add component (AddParameter): Name = "ECCN"; Value = "EAR99"; VariantName = "[No Variations]"
Add component (AddParameter): Name = "Electrical Life"; Value = "N/A"; VariantName = "[No Variations]"
Add component (AddParameter): Name = "Family"; Value = "ML"; VariantName = "[No Variations]"
Add component (AddParameter): Name = "Housing Material"; Value = "N/A"; VariantName = "[No Variations]"
Add component (AddParameter): Name = "HTS"; Value = "8536509065"; VariantName = "[No Variations]"
Add component (AddParameter): Name = "Illumination Color"; Value = "N/R"; VariantName = "[No Variations]"
Add component (AddParameter): Name = "Illumination Type"; Value = "N/R"; VariantName = "[No Variations]"
Add component (AddParameter): Name = "IP Rating"; Value = "IP40"; VariantName = "[No Variations]"
Add component (AddParameter): Name = "Manufacturer"; Value = "Cherry"; VariantName = "[No Variations]"
Add component (AddParameter): Name = "Manufacturer URL"; Value = "http://cherryswitches.com/cn/"; VariantName = "[No Variations]"
Add component (AddParameter): Name = "Maximum AC Voltage Rating"; Value = "12V"; VariantName = "[No Variations]"
Add component (AddParameter): Name = "Maximum Contact Resistance"; Value = ""; VariantName = "[No Variations]"
Add component (AddParameter): Name = "Maximum Current Rating"; Value = "0.01A"; VariantName = "[No Variations]"
Add component (AddParameter): Name = "Maximum DC Voltage Rating"; Value = "12V"; VariantName = "[No Variations]"
Add component (AddParameter): Name = "Maximum Power Rating"; Value = "N/A"; VariantName = "[No Variations]"
Add component (AddParameter): Name = "Mechanical Life"; Value = "N/A"; VariantName = "[No Variations]"
Add component (AddParameter): Name = "Minimum Insulation Resistance"; Value = "100MOhm"; VariantName = "[No Variations]"
Add component (AddParameter): Name = "Mounting"; Value = "ThroughHole"; VariantName = "[No Variations]"
Add component (AddParameter): Name = "Mounting Technology"; Value = "ThroughHole"; VariantName = "[No Variations]"
Add component (AddParameter): Name = "Number of Terminals"; Value = "2"; VariantName = "[No Variations]"
Add component (AddParameter): Name = "Operating Force"; Value = "0.45N"; VariantName = "[No Variations]"
Add component (AddParameter): Name = "Operating Speed"; Value = "400mm/s"; VariantName = "[No Variations]"
Add component (AddParameter): Name = "Operating Temperature"; Value = "-10to70C"; VariantName = "[No Variations]"
Add component (AddParameter): Name = "Package Description"; Value = "4-Pin Through Hole Switch, Body 12 x 11.4 mm"; VariantName = "[No Variations]"
Add component (AddParameter): Name = "Package Reference"; Value = "ML1A-11JW"; VariantName = "[No Variations]"
Add component (AddParameter): Name = "Package URL"; Value = "http://cherryamericas.com/wp-content/uploads/2014/12/ml_cat.pdf"; VariantName = "[No Variations]"
Add component (AddParameter): Name = "Packaging"; Value = "N/A"; VariantName = "[No Variations]"
Add component (AddParameter): Name = "Part No"; Value = "ML1A11JW"; VariantName = "[No Variations]"
Add component (AddParameter): Name = "Pole Throw Configuration"; Value = "SPST"; VariantName = "[No Variations]"
Add component (AddParameter): Name = "RoHS"; Value = "Unknown"; VariantName = "[No Variations]"
Add component (AddParameter): Name = "Row Spacing"; Value = "10.16mm"; VariantName = "[No Variations]"
Add component (AddParameter): Name = "Supplier"; Value = "CherryElectrical"; VariantName = "[No Variations]"
Add component (AddParameter): Name = "Switch Configuration"; Value = "N/A"; VariantName = "[No Variations]"
Add component (AddParameter): Name = "Terminal Pitch"; Value = "N/R"; VariantName = "[No Variations]"
Add component (AddParameter): Name = "Terminal Type"; Value = "PCPins"; VariantName = "[No Variations]"
Add component (AddParameter): Name = "Total Travel"; Value = "3mm"; VariantName = "[No Variations]"
Add component (AddParameter): Name = "Type"; Value = "N/A"; VariantName = "[No Variations]"
Added Component: Designator=U?(KB2040)
Add component (AddParameter): Name = "ComponentLink1Description"; Value = "Datasheet"; VariantName = "[No Variations]"
Add component (AddParameter): Name = "ComponentLink1URL"; Value = "https://learn.adafruit.com/adafruit-kb2040/overview"; VariantName = "[No Variations]"
Added Class: Name=Solo Board1
