Change Component Designator: Old Designator=C2 New Designator=C8
Change Component Designator: Old Designator=C4 New Designator=C5
Change Component Designator: Old Designator=C7 New Designator=C6
Change Component Designator: Old Designator=C8 New Designator=C7
Change Component Designator: Old Designator=C13 New Designator=C3
Change Component Designator: Old Designator=C14 New Designator=C4
Change Component Designator: Old Designator=C? New Designator=C1
Change Component Designator: Old Designator=C? New Designator=C2
Change Component Designator: Old Designator=D? New Designator=D1
Change Component Designator: Old Designator=J2 New Designator=J3
Change Component Designator: Old Designator=J3 New Designator=J2
Change Component Designator: Old Designator=J5 New Designator=J4
Change Component Designator: Old Designator=Q? New Designator=Q1
Change Component Designator: Old Designator=R3 New Designator=R5
Change Component Designator: Old Designator=R4 New Designator=R6
Change Component Designator: Old Designator=R11 New Designator=R10
Change Component Designator: Old Designator=R12 New Designator=R8
Change Component Designator: Old Designator=R13 New Designator=R9
Change Component Designator: Old Designator=R? New Designator=R1
Change Component Designator: Old Designator=R? New Designator=R2
Change Component Designator: Old Designator=R? New Designator=R3
Change Component Designator: Old Designator=R? New Designator=R4
Change Component Designator: Old Designator=TP6 New Designator=TP3
Change Component Designator: Old Designator=TP? New Designator=TP1
Change Component Designator: Old Designator=TP? New Designator=TP2
Change Component Designator: Old Designator=U2A New Designator=U2
Change Component Designator: Old Designator=U4 New Designator=U1
Change Component Designator: Old Designator=U? New Designator=U2
